24-03-2022 00:49:20  - Функция hello вызвана из функции ex
24-03-2022 00:49:20 Альтернативное определение вызывающей функции №1: ex
24-03-2022 00:49:20 Альтернативное определение вызывающей функции №2: ex('andry').
24-03-2022 00:49:20 Вызов hello из модуля [FrameInfo(frame=<frame at 0x7fc6e4a73be0, file '/home/nexter/PycharmProjects/CSApp/lesson_6/decor_2.py', line 19, code wrapper>, filename='/home/nexter/PycharmProjects/CSApp/lesson_6/decor_2.py', lineno=19, function='wrapper', code_context=["        LOGGER.info(f'Вызов {name_f} из модуля {inspect.stack()}.')\n"], index=0), FrameInfo(frame=<frame at 0x1258f10, file '/home/nexter/PycharmProjects/CSApp/lesson_6/decor_2.py', line 34, code ex>, filename='/home/nexter/PycharmProjects/CSApp/lesson_6/decor_2.py', lineno=34, function='ex', code_context=['    hello(name)\n'], index=0), FrameInfo(frame=<frame at 0x11b9540, file '/home/nexter/PycharmProjects/CSApp/lesson_6/decor_2.py', line 37, code <module>>, filename='/home/nexter/PycharmProjects/CSApp/lesson_6/decor_2.py', lineno=37, function='<module>', code_context=["ex('andry')\n"], index=0)].
24-03-2022 00:49:20 Альтернативное определение вызывающего модуля (Для тех кто не ищет легких путей):decor_2.py
24-03-2022 00:50:47  - Функция hello вызвана из функции ex
24-03-2022 00:50:47 Альтернативное определение вызывающей функции №1: ex
24-03-2022 00:50:47 Альтернативное определение вызывающей функции №2: ex('andry').
24-03-2022 00:50:47 Вызов hello из модуля /home/nexter/PycharmProjects/CSApp/lesson_6/decor_2.py.
24-03-2022 00:50:47 Альтернативное определение вызывающего модуля (Для тех кто не ищет легких путей):decor_2.py
24-03-2022 00:51:21  - Функция hello вызвана из функции ex
24-03-2022 00:51:21 Альтернативное определение вызывающей функции №1: ex
24-03-2022 00:51:21 Альтернативное определение вызывающей функции №2: ex('andry').
24-03-2022 00:51:21 Вызов hello из модуля decor_2.py.
24-03-2022 00:51:21 Альтернативное определение вызывающего модуля (Для тех кто не ищет легких путей):decor_2.py
24-03-2022 00:52:22  - Функция hello вызвана из функции ex
24-03-2022 00:52:22 Альтернативное определение вызывающей функции №1: ex
24-03-2022 00:52:22 Альтернативное определение вызывающей функции №2: ex('andry').
24-03-2022 00:52:22 Вызов hello из модуля: decor_2.py.
24-03-2022 00:52:22 Альтернативное определение вызывающего модуля (Для тех кто не ищет легких путей):decor_2.py
24-03-2022 01:02:15  - Функция hello вызвана из функции ex
24-03-2022 01:02:15 Альтернативное определение вызывающей функции №1: ex
24-03-2022 01:02:15 Альтернативное определение вызывающей функции №2: ex('andry').
24-03-2022 01:02:15 Вызов hello из модуля: decor_2.py.
24-03-2022 01:02:15 Альтернативное определение вызывающего модуля (Для тех кто не ищет легких путей):decor_2.py
24-03-2022 01:02:22  - Функция hello вызвана из функции ex
24-03-2022 01:02:22 Альтернативное определение вызывающей функции №1: ex
24-03-2022 01:02:22 Альтернативное определение вызывающей функции №2: ex('andry').
24-03-2022 01:02:22 Вызов hello из модуля: decor_2.py.
24-03-2022 01:02:22 Альтернативное определение вызывающего модуля (Для тех кто не ищет легких путей):decor_2.py
24-03-2022 01:03:58  - Функция hello вызвана из функции ex
24-03-2022 01:03:58 Альтернативное определение вызывающей функции №1: ex
24-03-2022 01:03:58 Альтернативное определение вызывающей функции №2: ex('andry').
24-03-2022 01:03:58 Вызов hello из модуля: decor_2.py.
24-03-2022 01:03:58 Альтернативное определение вызывающего модуля (Для тех кто не ищет легких путей):decor_2.py
24-03-2022 01:04:09  - Функция hello вызвана из функции ex
24-03-2022 01:04:09 Альтернативное определение вызывающей функции №1: ex
24-03-2022 01:04:09 Альтернативное определение вызывающей функции №2: ex('andry').
24-03-2022 01:04:09 Вызов hello из модуля: decor_2.py.
24-03-2022 01:04:09 Альтернативное определение вызывающего модуля (Для тех кто не ищет легких путей):decor_2.py
24-03-2022 01:05:35  - Функция hello вызвана из функции ex
24-03-2022 01:05:35 Альтернативное определение вызывающей функции №1: ex
24-03-2022 01:05:35 Альтернативное определение вызывающей функции №2: ex('andry').
24-03-2022 01:05:35 Вызов hello из модуля: decor_2.py.
24-03-2022 01:05:35 Альтернативное определение вызывающего модуля (Для тех кто не ищет легких путей):decor_2.py
24-03-2022 22:41:50  - Функция hello вызвана из функции ex
24-03-2022 22:41:50 Альтернативное определение вызывающей функции №1: ex
24-03-2022 22:41:50 Альтернативное определение вызывающей функции №2: ex('andry').
24-03-2022 22:41:50 Вызов hello из модуля: decor_2.py.
24-03-2022 22:41:50 Альтернативное определение вызывающего модуля (Для тех кто не ищет легких путей):decor_2.py
